INFO  - 2015-04-03 23:16:54.860; org.eclipse.jetty.server.Server; jetty-8.1.10.v20130312
INFO  - 2015-04-03 23:16:54.892; org.eclipse.jetty.deploy.providers.ScanningAppProvider; Deployment monitor /Users/johnespinosa/Documents/pythonWorkspace/OpenEye/solr-5.0.0/server/contexts at interval 0
INFO  - 2015-04-03 23:16:54.900; org.eclipse.jetty.deploy.DeploymentManager; Deployable added: /Users/johnespinosa/Documents/pythonWorkspace/OpenEye/solr-5.0.0/server/contexts/solr-jetty-context.xml
INFO  - 2015-04-03 23:16:56.103; org.eclipse.jetty.webapp.StandardDescriptorProcessor; NO JSP Support for /solr, did not find org.apache.jasper.servlet.JspServlet
INFO  - 2015-04-03 23:16:56.179; org.apache.solr.servlet.SolrDispatchFilter; SolrDispatchFilter.init()WebAppClassLoader=538404674@20176742
INFO  - 2015-04-03 23:16:56.203; org.apache.solr.core.SolrResourceLoader; JNDI not configured for solr (NoInitialContextEx)
INFO  - 2015-04-03 23:16:56.204; org.apache.solr.core.SolrResourceLoader; solr home defaulted to 'solr/' (could not find system property or JNDI)
INFO  - 2015-04-03 23:16:56.206; org.apache.solr.core.SolrResourceLoader; new SolrResourceLoader for directory: 'solr/'
INFO  - 2015-04-03 23:16:56.353; org.apache.solr.core.ConfigSolr; Loading container configuration from /Users/johnespinosa/Documents/pythonWorkspace/OpenEye/solr-5.0.0/server/solr/solr.xml
INFO  - 2015-04-03 23:16:56.491; org.apache.solr.core.CorePropertiesLocator; Config-defined core root directory: /Users/johnespinosa/Documents/pythonWorkspace/OpenEye/solr-5.0.0/server/solr
INFO  - 2015-04-03 23:16:56.502; org.apache.solr.core.CoreContainer; New CoreContainer 950079423
INFO  - 2015-04-03 23:16:56.503; org.apache.solr.core.CoreContainer; Loading cores into CoreContainer [instanceDir=solr/]
INFO  - 2015-04-03 23:16:56.516; org.apache.solr.handler.component.HttpShardHandlerFactory; Setting socketTimeout to: 600000
INFO  - 2015-04-03 23:16:56.517; org.apache.solr.handler.component.HttpShardHandlerFactory; Setting urlScheme to: null
INFO  - 2015-04-03 23:16:56.520; org.apache.solr.handler.component.HttpShardHandlerFactory; Setting connTimeout to: 60000
INFO  - 2015-04-03 23:16:56.521; org.apache.solr.handler.component.HttpShardHandlerFactory; Setting maxConnectionsPerHost to: 20
INFO  - 2015-04-03 23:16:56.523; org.apache.solr.handler.component.HttpShardHandlerFactory; Setting maxConnections to: 10000
INFO  - 2015-04-03 23:16:56.523; org.apache.solr.handler.component.HttpShardHandlerFactory; Setting corePoolSize to: 0
INFO  - 2015-04-03 23:16:56.523; org.apache.solr.handler.component.HttpShardHandlerFactory; Setting maximumPoolSize to: 2147483647
INFO  - 2015-04-03 23:16:56.523; org.apache.solr.handler.component.HttpShardHandlerFactory; Setting maxThreadIdleTime to: 5
INFO  - 2015-04-03 23:16:56.524; org.apache.solr.handler.component.HttpShardHandlerFactory; Setting sizeOfQueue to: -1
INFO  - 2015-04-03 23:16:56.524; org.apache.solr.handler.component.HttpShardHandlerFactory; Setting fairnessPolicy to: false
INFO  - 2015-04-03 23:16:56.524; org.apache.solr.handler.component.HttpShardHandlerFactory; Setting useRetries to: false
INFO  - 2015-04-03 23:16:56.679; org.apache.solr.update.UpdateShardHandler; Creating UpdateShardHandler HTTP client with params: socketTimeout=600000&connTimeout=60000&retry=true
INFO  - 2015-04-03 23:16:56.681; org.apache.solr.logging.LogWatcher; SLF4J impl is org.slf4j.impl.Log4jLoggerFactory
INFO  - 2015-04-03 23:16:56.683; org.apache.solr.logging.LogWatcher; Registering Log Listener [Log4j (org.slf4j.impl.Log4jLoggerFactory)]
INFO  - 2015-04-03 23:16:56.685; org.apache.solr.core.CoreContainer; Host Name: 
INFO  - 2015-04-03 23:16:56.730; org.apache.solr.core.CorePropertiesLocator; Looking for core definitions underneath /Users/johnespinosa/Documents/pythonWorkspace/OpenEye/solr-5.0.0/server/solr
INFO  - 2015-04-03 23:16:56.745; org.apache.solr.core.CorePropertiesLocator; Found 0 core definitions
INFO  - 2015-04-03 23:16:56.746; org.apache.solr.servlet.SolrDispatchFilter; user.dir=/Users/johnespinosa/Documents/pythonWorkspace/OpenEye/solr-5.0.0/server
INFO  - 2015-04-03 23:16:56.747; org.apache.solr.servlet.SolrDispatchFilter; SolrDispatchFilter.init() done
INFO  - 2015-04-03 23:16:56.783; org.eclipse.jetty.server.AbstractConnector; Started SocketConnector@0.0.0.0:8983
INFO  - 2015-04-03 23:17:23.289; org.apache.solr.servlet.SolrDispatchFilter; [admin] webapp=null path=/admin/cores params={indexInfo=false&_=1428095843193&wt=json} status=0 QTime=76 
INFO  - 2015-04-03 23:17:23.455; org.apache.solr.servlet.SolrDispatchFilter; [admin] webapp=null path=/admin/info/system params={_=1428095843399&wt=json} status=0 QTime=51 
INFO  - 2015-04-03 23:41:52.317; org.apache.solr.servlet.SolrDispatchFilter; [admin] webapp=null path=/admin/cores params={_=1428097312311&wt=json} status=0 QTime=1 
INFO  - 2015-04-03 23:42:17.245; org.apache.solr.handler.admin.CoreAdminHandler; core create command schema=schema.xml&shard=&instanceDir=solr&indexInfo=false&name=solr&action=CREATE&config=solrconfig.xml&_=1428097337242&collection=&dataDir=data&wt=json
INFO  - 2015-04-03 23:42:17.254; org.apache.solr.core.SolrResourceLoader; new SolrResourceLoader for directory: 'solr/solr/'
ERROR - 2015-04-03 23:42:17.275; org.apache.solr.core.CoreContainer; Error creating core [solr]: Could not load conf for core solr: Error loading solr config from solr/solr/conf/solrconfig.xml
org.apache.solr.common.SolrException: Could not load conf for core solr: Error loading solr config from solr/solr/conf/solrconfig.xml
	at org.apache.solr.core.ConfigSetService.getConfig(ConfigSetService.java:66)
	at org.apache.solr.core.CoreContainer.create(CoreContainer.java:511)
	at org.apache.solr.core.CoreContainer.create(CoreContainer.java:488)
	at org.apache.solr.handler.admin.CoreAdminHandler.handleCreateAction(CoreAdminHandler.java:573)
	at org.apache.solr.handler.admin.CoreAdminHandler.handleRequestInternal(CoreAdminHandler.java:197)
	at org.apache.solr.handler.admin.CoreAdminHandler.handleRequestBody(CoreAdminHandler.java:186)
	at org.apache.solr.handler.RequestHandlerBase.handleRequest(RequestHandlerBase.java:144)
	at org.apache.solr.servlet.SolrDispatchFilter.handleAdminRequest(SolrDispatchFilter.java:736)
	at org.apache.solr.servlet.SolrDispatchFilter.doFilter(SolrDispatchFilter.java:261)
	at org.apache.solr.servlet.SolrDispatchFilter.doFilter(SolrDispatchFilter.java:204)
	at org.eclipse.jetty.servlet.ServletHandler$CachedChain.doFilter(ServletHandler.java:1419)
	at org.eclipse.jetty.servlet.ServletHandler.doHandle(ServletHandler.java:455)
	at org.eclipse.jetty.server.handler.ScopedHandler.handle(ScopedHandler.java:137)
	at org.eclipse.jetty.security.SecurityHandler.handle(SecurityHandler.java:557)
	at org.eclipse.jetty.server.session.SessionHandler.doHandle(SessionHandler.java:231)
	at org.eclipse.jetty.server.handler.ContextHandler.doHandle(ContextHandler.java:1075)
	at org.eclipse.jetty.servlet.ServletHandler.doScope(ServletHandler.java:384)
	at org.eclipse.jetty.server.session.SessionHandler.doScope(SessionHandler.java:193)
	at org.eclipse.jetty.server.handler.ContextHandler.doScope(ContextHandler.java:1009)
	at org.eclipse.jetty.server.handler.ScopedHandler.handle(ScopedHandler.java:135)
	at org.eclipse.jetty.server.handler.ContextHandlerCollection.handle(ContextHandlerCollection.java:255)
	at org.eclipse.jetty.server.handler.HandlerCollection.handle(HandlerCollection.java:154)
	at org.eclipse.jetty.server.handler.HandlerWrapper.handle(HandlerWrapper.java:116)
	at org.eclipse.jetty.server.Server.handle(Server.java:368)
	at org.eclipse.jetty.server.AbstractHttpConnection.handleRequest(AbstractHttpConnection.java:489)
	at org.eclipse.jetty.server.BlockingHttpConnection.handleRequest(BlockingHttpConnection.java:53)
	at org.eclipse.jetty.server.AbstractHttpConnection.headerComplete(AbstractHttpConnection.java:942)
	at org.eclipse.jetty.server.AbstractHttpConnection$RequestHandler.headerComplete(AbstractHttpConnection.java:1004)
	at org.eclipse.jetty.http.HttpParser.parseNext(HttpParser.java:640)
	at org.eclipse.jetty.http.HttpParser.parseAvailable(HttpParser.java:235)
	at org.eclipse.jetty.server.BlockingHttpConnection.handle(BlockingHttpConnection.java:72)
	at org.eclipse.jetty.server.bio.SocketConnector$ConnectorEndPoint.run(SocketConnector.java:264)
	at org.eclipse.jetty.util.thread.QueuedThreadPool.runJob(QueuedThreadPool.java:608)
	at org.eclipse.jetty.util.thread.QueuedThreadPool$3.run(QueuedThreadPool.java:543)
	at java.lang.Thread.run(Thread.java:745)
Caused by: org.apache.solr.common.SolrException: Error loading solr config from solr/solr/conf/solrconfig.xml
	at org.apache.solr.core.SolrConfig.readFromResourceLoader(SolrConfig.java:167)
	at org.apache.solr.core.ConfigSetService.createSolrConfig(ConfigSetService.java:80)
	at org.apache.solr.core.ConfigSetService.getConfig(ConfigSetService.java:61)
	... 34 more
Caused by: java.io.IOException: Can't find resource 'solrconfig.xml' in classpath or '/Users/johnespinosa/Documents/pythonWorkspace/OpenEye/solr-5.0.0/server/solr/solr/conf'
	at org.apache.solr.core.SolrResourceLoader.openResource(SolrResourceLoader.java:364)
	at org.apache.solr.core.SolrResourceLoader.openConfig(SolrResourceLoader.java:310)
	at org.apache.solr.core.Config.<init>(Config.java:122)
	at org.apache.solr.core.Config.<init>(Config.java:92)
	at org.apache.solr.core.SolrConfig.<init>(SolrConfig.java:180)
	at org.apache.solr.core.SolrConfig.readFromResourceLoader(SolrConfig.java:158)
	... 36 more
ERROR - 2015-04-03 23:42:17.279; org.apache.solr.common.SolrException; org.apache.solr.common.SolrException: Error CREATEing SolrCore 'solr': Unable to create core [solr] Caused by: Can't find resource 'solrconfig.xml' in classpath or '/Users/johnespinosa/Documents/pythonWorkspace/OpenEye/solr-5.0.0/server/solr/solr/conf'
	at org.apache.solr.handler.admin.CoreAdminHandler.handleCreateAction(CoreAdminHandler.java:606)
	at org.apache.solr.handler.admin.CoreAdminHandler.handleRequestInternal(CoreAdminHandler.java:197)
	at org.apache.solr.handler.admin.CoreAdminHandler.handleRequestBody(CoreAdminHandler.java:186)
	at org.apache.solr.handler.RequestHandlerBase.handleRequest(RequestHandlerBase.java:144)
	at org.apache.solr.servlet.SolrDispatchFilter.handleAdminRequest(SolrDispatchFilter.java:736)
	at org.apache.solr.servlet.SolrDispatchFilter.doFilter(SolrDispatchFilter.java:261)
	at org.apache.solr.servlet.SolrDispatchFilter.doFilter(SolrDispatchFilter.java:204)
	at org.eclipse.jetty.servlet.ServletHandler$CachedChain.doFilter(ServletHandler.java:1419)
	at org.eclipse.jetty.servlet.ServletHandler.doHandle(ServletHandler.java:455)
	at org.eclipse.jetty.server.handler.ScopedHandler.handle(ScopedHandler.java:137)
	at org.eclipse.jetty.security.SecurityHandler.handle(SecurityHandler.java:557)
	at org.eclipse.jetty.server.session.SessionHandler.doHandle(SessionHandler.java:231)
	at org.eclipse.jetty.server.handler.ContextHandler.doHandle(ContextHandler.java:1075)
	at org.eclipse.jetty.servlet.ServletHandler.doScope(ServletHandler.java:384)
	at org.eclipse.jetty.server.session.SessionHandler.doScope(SessionHandler.java:193)
	at org.eclipse.jetty.server.handler.ContextHandler.doScope(ContextHandler.java:1009)
	at org.eclipse.jetty.server.handler.ScopedHandler.handle(ScopedHandler.java:135)
	at org.eclipse.jetty.server.handler.ContextHandlerCollection.handle(ContextHandlerCollection.java:255)
	at org.eclipse.jetty.server.handler.HandlerCollection.handle(HandlerCollection.java:154)
	at org.eclipse.jetty.server.handler.HandlerWrapper.handle(HandlerWrapper.java:116)
	at org.eclipse.jetty.server.Server.handle(Server.java:368)
	at org.eclipse.jetty.server.AbstractHttpConnection.handleRequest(AbstractHttpConnection.java:489)
	at org.eclipse.jetty.server.BlockingHttpConnection.handleRequest(BlockingHttpConnection.java:53)
	at org.eclipse.jetty.server.AbstractHttpConnection.headerComplete(AbstractHttpConnection.java:942)
	at org.eclipse.jetty.server.AbstractHttpConnection$RequestHandler.headerComplete(AbstractHttpConnection.java:1004)
	at org.eclipse.jetty.http.HttpParser.parseNext(HttpParser.java:640)
	at org.eclipse.jetty.http.HttpParser.parseAvailable(HttpParser.java:235)
	at org.eclipse.jetty.server.BlockingHttpConnection.handle(BlockingHttpConnection.java:72)
	at org.eclipse.jetty.server.bio.SocketConnector$ConnectorEndPoint.run(SocketConnector.java:264)
	at org.eclipse.jetty.util.thread.QueuedThreadPool.runJob(QueuedThreadPool.java:608)
	at org.eclipse.jetty.util.thread.QueuedThreadPool$3.run(QueuedThreadPool.java:543)
	at java.lang.Thread.run(Thread.java:745)
Caused by: org.apache.solr.common.SolrException: Unable to create core [solr]
	at org.apache.solr.core.CoreContainer.create(CoreContainer.java:528)
	at org.apache.solr.core.CoreContainer.create(CoreContainer.java:488)
	at org.apache.solr.handler.admin.CoreAdminHandler.handleCreateAction(CoreAdminHandler.java:573)
	... 31 more
Caused by: org.apache.solr.common.SolrException: Could not load conf for core solr: Error loading solr config from solr/solr/conf/solrconfig.xml
	at org.apache.solr.core.ConfigSetService.getConfig(ConfigSetService.java:66)
	at org.apache.solr.core.CoreContainer.create(CoreContainer.java:511)
	... 33 more
Caused by: org.apache.solr.common.SolrException: Error loading solr config from solr/solr/conf/solrconfig.xml
	at org.apache.solr.core.SolrConfig.readFromResourceLoader(SolrConfig.java:167)
	at org.apache.solr.core.ConfigSetService.createSolrConfig(ConfigSetService.java:80)
	at org.apache.solr.core.ConfigSetService.getConfig(ConfigSetService.java:61)
	... 34 more
Caused by: java.io.IOException: Can't find resource 'solrconfig.xml' in classpath or '/Users/johnespinosa/Documents/pythonWorkspace/OpenEye/solr-5.0.0/server/solr/solr/conf'
	at org.apache.solr.core.SolrResourceLoader.openResource(SolrResourceLoader.java:364)
	at org.apache.solr.core.SolrResourceLoader.openConfig(SolrResourceLoader.java:310)
	at org.apache.solr.core.Config.<init>(Config.java:122)
	at org.apache.solr.core.Config.<init>(Config.java:92)
	at org.apache.solr.core.SolrConfig.<init>(SolrConfig.java:180)
	at org.apache.solr.core.SolrConfig.readFromResourceLoader(SolrConfig.java:158)
	... 36 more

INFO  - 2015-04-03 23:42:17.279; org.apache.solr.servlet.SolrDispatchFilter; [admin] webapp=null path=/admin/cores params={schema=schema.xml&shard=&instanceDir=solr&indexInfo=false&name=solr&action=CREATE&config=solrconfig.xml&_=1428097337242&collection=&dataDir=data&wt=json} status=400 QTime=34 
INFO  - 2015-04-04 00:14:39.877; org.eclipse.jetty.server.Server; Graceful shutdown SocketConnector@0.0.0.0:8983
INFO  - 2015-04-04 00:14:39.879; org.eclipse.jetty.server.Server; Graceful shutdown o.e.j.w.WebAppContext{/solr,file:/Users/johnespinosa/Documents/pythonWorkspace/OpenEye/solr-5.0.0/server/solr-webapp/webapp/},/Users/johnespinosa/Documents/pythonWorkspace/OpenEye/solr-5.0.0/server/webapps/solr.war
INFO  - 2015-04-04 00:14:40.880; org.apache.solr.core.CoreContainer; Shutting down CoreContainer instance=950079423
INFO  - 2015-04-04 00:14:40.893; org.eclipse.jetty.server.handler.ContextHandler; stopped o.e.j.w.WebAppContext{/solr,file:/Users/johnespinosa/Documents/pythonWorkspace/OpenEye/solr-5.0.0/server/solr-webapp/webapp/},/Users/johnespinosa/Documents/pythonWorkspace/OpenEye/solr-5.0.0/server/webapps/solr.war
